#
# A fatal error has been detected by the Java Runtime Environment:
#
#  EXCEPTION_ACCESS_VIOLATION (0xc0000005) at pc=0x6f697461, pid=6024, tid=5960
#
# JRE version: 6.0_24-b07
# Java VM: Java HotSpot(TM) Client VM (19.1-b02 mixed mode, sharing windows-x86 )
# Problematic frame:
# C  0x6f697461
#
# If you would like to submit a bug report, please visit:
#   http://java.sun.com/webapps/bugreport/crash.jsp
# The crash happened outside the Java Virtual Machine in native code.
# See problematic frame for where to report the bug.
#

---------------  T H R E A D  ---------------

Current thread (0x021b6400):  JavaThread "Thread-5" [_thread_in_native, id=5960, stack(0x0a420000,0x0a520000)]

siginfo: ExceptionCode=0xc0000005, reading address 0x6f697461

Registers:
EAX=0x6120726f, EBX=0x6d8ea9f0, ECX=0x75ba3f9f, EDX=0x6120726f
ESP=0x0a51f6d0, EBP=0x63696c70, ESI=0x344eca00, EDI=0x021b6400
EIP=0x6f697461, EFLAGS=0x00010212

Register to memory mapping:

EAX=0x6120726f
0x6120726f is pointing to unknown location

EBX=0x6d8ea9f0
0x6d8ea9f0 is pointing to unknown location

ECX=0x75ba3f9f
0x75ba3f9f is pointing to unknown location

EDX=0x6120726f
0x6120726f is pointing to unknown location

ESP=0x0a51f6d0
0x0a51f6d0 is pointing into the stack for thread: 0x021b6400
"Thread-5" prio=6 tid=0x021b6400 nid=0x1748 runnable [0x0a51f000]
   java.lang.Thread.State: RUNNABLE

EBP=0x63696c70
0x63696c70 is pointing to unknown location

ESI=0x344eca00
{method} 
 - klass: {other class}

EDI=0x021b6400
"Thread-5" prio=6 tid=0x021b6400 nid=0x1748 runnable [0x0a51f000]
   java.lang.Thread.State: RUNNABLE


Top of Stack: (sp=0x0a51f6d0)
0x0a51f6d0:   6572206e 73657571 0a0d2e74 0000000a
0x0a51f6e0:   856a0000 77cef911 75db6c92 0000049c
0x0a51f6f0:   000004a4 00000000 77cef9e2 75b9b75d
0x0a51f700:   000004a4 00000000 0a51f728 75db6cd0
0x0a51f710:   000004a4 021b6400 344eca00 6d8ea9f0
0x0a51f720:   00000000 00000004 0a51f9a8 10005169
0x0a51f730:   0000049c 0a51f9a4 0a51f9b8 10005169
0x0a51f740:   0000049c 0a51f9b4 00000000 00000000 

Instructions: (pc=0x6f697461)
0x6f697451:   
[error occurred during error reporting (printing registers, top of stack, instructions near pc), id 0xc0000005]

Stack: [0x0a420000,0x0a520000],  sp=0x0a51f6d0,  free space=1021k
Native frames: (J=compiled Java code, j=interpreted, Vv=VM code, C=native code)
C  0x6f697461

[error occurred during error reporting (printing native stack), id 0xc0000005]

Java frames: (J=compiled Java code, j=interpreted, Vv=VM code)
j  gnu.io.RXTXPort.eventLoop()V+0
j  gnu.io.RXTXPort$MonitorThread.run()V+12
v  ~StubRoutines::call_stub

---------------  P R O C E S S  ---------------

Java Threads: ( => current thread )
=>0x021b6400 JavaThread "Thread-5" [_thread_in_native, id=5960, stack(0x0a420000,0x0a520000)]
  0x0519c000 JavaThread "TimerQueue" daemon [_thread_blocked, id=5180, stack(0x0a320000,0x0a420000)]
  0x050f4800 JavaThread "D3D Screen Updater" daemon [_thread_blocked, id=5220, stack(0x09380000,0x09480000)]
  0x050c9400 JavaThread "AWT-EventQueue-0" [_thread_blocked, id=3008, stack(0x087c0000,0x088c0000)]
  0x050a5c00 JavaThread "AWT-Windows" daemon [_thread_in_native, id=6092, stack(0x05710000,0x05810000)]
  0x050a5400 JavaThread "AWT-Shutdown" [_thread_blocked, id=6088, stack(0x05610000,0x05710000)]
  0x050a2400 JavaThread "Java2D Disposer" daemon [_thread_blocked, id=6084, stack(0x05510000,0x05610000)]
  0x0220b000 JavaThread "Low Memory Detector" daemon [_thread_blocked, id=6072, stack(0x04d70000,0x04e70000)]
  0x02206c00 JavaThread "CompilerThread0" daemon [_thread_blocked, id=6068, stack(0x04c30000,0x04d30000)]
  0x02205400 JavaThread "Attach Listener" daemon [_thread_blocked, id=6064, stack(0x04af0000,0x04bf0000)]
  0x02200400 JavaThread "Signal Dispatcher" daemon [_thread_blocked, id=6060, stack(0x049b0000,0x04ab0000)]
  0x021fd400 JavaThread "Finalizer" daemon [_thread_blocked, id=6056, stack(0x048b0000,0x049b0000)]
  0x021f8800 JavaThread "Reference Handler" daemon [_thread_blocked, id=6052, stack(0x047b0000,0x048b0000)]
  0x02329000 JavaThread "main" [_thread_blocked, id=6028, stack(0x00090000,0x00190000)]

Other Threads:
  0x021bc000 VMThread [stack: 0x046b0000,0x047b0000] [id=6048]
  0x02214c00 WatcherThread [stack: 0x04eb0000,0x04fb0000] [id=6076]

VM state:not at safepoint (normal execution)

VM Mutex/Monitor currently owned by a thread: None

Heap
 def new generation   total 4928K, used 3151K [0x244b0000, 0x24a00000, 0x29a00000)
  eden space 4416K,  71% used [0x244b0000, 0x247bff90, 0x24900000)
  from space 512K,   3% used [0x24900000, 0x24903e10, 0x24980000)
  to   space 512K,   0% used [0x24980000, 0x24980000, 0x24a00000)
 tenured generation   total 10944K, used 581K [0x29a00000, 0x2a4b0000, 0x344b0000)
   the space 10944K,   5% used [0x29a00000, 0x29a91520, 0x29a91600, 0x2a4b0000)
 compacting perm gen  total 12288K, used 469K [0x344b0000, 0x350b0000, 0x384b0000)
   the space 12288K,   3% used [0x344b0000, 0x34525698, 0x34525800, 0x350b0000)
    ro space 10240K,  51% used [0x384b0000, 0x389dcf58, 0x389dd000, 0x38eb0000)
    rw space 12288K,  54% used [0x38eb0000, 0x39548f50, 0x39549000, 0x39ab0000)

Dynamic libraries:
0x00400000 - 0x00447000 	C:\Users\David\Desktop\scUpdate Developers copy\3v1\src\scUpdate3v1.exe
0x77cd0000 - 0x77e50000 	C:\Windows\SysWOW64\ntdll.dll
0x75d20000 - 0x75e30000 	C:\Windows\syswow64\kernel32.dll
0x75b90000 - 0x75bd6000 	C:\Windows\syswow64\KERNELBASE.dll
0x777d0000 - 0x778d0000 	C:\Windows\syswow64\USER32.dll
0x76eb0000 - 0x76f40000 	C:\Windows\syswow64\GDI32.dll
0x77500000 - 0x7750a000 	C:\Windows\syswow64\LPK.dll
0x76c00000 - 0x76c9d000 	C:\Windows\syswow64\USP10.dll
0x77510000 - 0x775bc000 	C:\Windows\syswow64\msvcrt.dll
0x759b0000 - 0x75a50000 	C:\Windows\syswow64\ADVAPI32.dll
0x76e90000 - 0x76ea9000 	C:\Windows\SysWOW64\sechost.dll
0x776e0000 - 0x777d0000 	C:\Windows\syswow64\RPCRT4.dll
0x75830000 - 0x75890000 	C:\Windows\syswow64\SspiCli.dll
0x75820000 - 0x7582c000 	C:\Windows\syswow64\CRYPTBASE.dll
0x75fb0000 - 0x76bfa000 	C:\Windows\syswow64\SHELL32.dll
0x75a50000 - 0x75aa7000 	C:\Windows\syswow64\SHLWAPI.dll
0x75f20000 - 0x75f80000 	C:\Windows\system32\IMM32.DLL
0x758e0000 - 0x759ac000 	C:\Windows\syswow64\MSCTF.dll
0x6d7f0000 - 0x6da96000 	C:\Program Files (x86)\Java\jre6\bin\client\jvm.dll
0x74da0000 - 0x74dd2000 	C:\Windows\system32\WINMM.dll
0x7c340000 - 0x7c396000 	C:\Users\David\Desktop\scUpdate Developers copy\3v1\src\MSVCR71.dll
0x70c30000 - 0x70c7c000 	C:\Windows\system32\apphelp.dll
0x6d7a0000 - 0x6d7ac000 	C:\Program Files (x86)\Java\jre6\bin\verify.dll
0x6d320000 - 0x6d33f000 	C:\Program Files (x86)\Java\jre6\bin\java.dll
0x6d280000 - 0x6d288000 	C:\Program Files (x86)\Java\jre6\bin\hpi.dll
0x77690000 - 0x77695000 	C:\Windows\syswow64\PSAPI.DLL
0x6d7e0000 - 0x6d7ef000 	C:\Program Files (x86)\Java\jre6\bin\zip.dll
0x6d000000 - 0x6d14a000 	C:\Program Files (x86)\Java\jre6\bin\awt.dll
0x75430000 - 0x75481000 	C:\Windows\system32\WINSPOOL.DRV
0x76ca0000 - 0x76dfc000 	C:\Windows\syswow64\ole32.dll
0x74c50000 - 0x74cd4000 	C:\Windows\WinSxS\x86_microsoft.windows.common-controls_6595b64144ccf1df_5.82.7601.17514_none_ec83dffa859149af\COMCTL32.dll
0x73ee0000 - 0x73ef3000 	C:\Windows\system32\DWMAPI.DLL
0x75040000 - 0x750c0000 	C:\Windows\system32\uxtheme.dll
0x6d230000 - 0x6d27f000 	C:\Program Files (x86)\Java\jre6\bin\fontmanager.dll
0x6f200000 - 0x6f3c3000 	C:\Windows\system32\d3d9.dll
0x73b20000 - 0x73b29000 	C:\Windows\system32\VERSION.dll
0x75030000 - 0x75036000 	C:\Windows\system32\d3d8thk.dll
0x74f80000 - 0x74f88000 	C:\Windows\system32\atiu9pag.dll
0x6a4a0000 - 0x6a82e000 	C:\Windows\system32\atiumdag.dll
0x6a9e0000 - 0x6acd2000 	C:\Windows\system32\atiumdva.dll
0x10000000 - 0x10012000 	C:\Program Files (x86)\Java\jre6\bin\rxtxSerial.dll
0x6c240000 - 0x6c267000 	C:\Windows\system32\crtdll.dll
0x6d600000 - 0x6d613000 	C:\Program Files (x86)\Java\jre6\bin\net.dll
0x776a0000 - 0x776d5000 	C:\Windows\syswow64\WS2_32.dll
0x77680000 - 0x77686000 	C:\Windows\syswow64\NSI.dll
0x73ad0000 - 0x73b0c000 	C:\Windows\system32\mswsock.dll
0x74d20000 - 0x74d26000 	C:\Windows\System32\wship6.dll
0x6d620000 - 0x6d629000 	C:\Program Files (x86)\Java\jre6\bin\nio.dll
0x76e00000 - 0x76e83000 	C:\Windows\syswow64\CLBCatQ.DLL
0x75e30000 - 0x75ebf000 	C:\Windows\syswow64\OLEAUT32.dll

VM Arguments:
jvm_args: -Djava.library.path=;C:\Users\David\Desktop\scUpdate Developers copy\3v1\src\lib 
java_command: <unknown>
Launcher Type: generic

Environment Variables:
PATH=C:\Program Files\Common Files\Microsoft Shared\Windows Live;C:\Program Files (x86)\Common Files\Microsoft Shared\Windows Live;C:\Windows\system32;C:\Windows;C:\Windows\System32\Wbem;C:\Windows\System32\WindowsPowerShell\v1.0\;c:\Program Files (x86)\Common Files\Ulead Systems\MPEG;C:\Program Files\Broadcom\Broadcom 802.11\Driver;C:\Program Files\WIDCOMM\Bluetooth Software\;C:\Program Files\WIDCOMM\Bluetooth Software\syswow64;C:\Program Files (x86)\ATI Technologies\ATI.ACE\Core-Static;C:\Program Files (x86)\Java\jdk1.6.0_24\bin;C:\Program Files (x86)\Windows Live\Shared;C:\Program Files (x86)\Research In Motion\BlackBerry JDE 6.0.0\bin
USERNAME=David
OS=Windows_NT
PROCESSOR_IDENTIFIER=Intel64 Family 6 Model 37 Stepping 5, GenuineIntel



---------------  S Y S T E M  ---------------

OS: Windows 7 Build 7601 Service Pack 1

CPU:total 4 (2 cores per cpu, 2 threads per core) family 6 model 37 stepping 5, cmov, cx8, fxsr, mmx, sse, sse2, sse3, ssse3, sse4.1, sse4.2, popcnt, ht

Memory: 4k page, physical 3987056k(2273984k free), swap 7972268k(5736052k free)

vm_info: Java HotSpot(TM) Client VM (19.1-b02) for windows-x86 JRE (1.6.0_24-b07), built on Feb  2 2011 17:44:41 by "java_re" with MS VC++ 7.1 (VS2003)

time: Fri Apr 29 11:46:02 2011
elapsed time: 150285 seconds

